2026-01-08 10:19:17,162 - root - INFO - initialize:28 - Monitoring system initializing...
2026-01-08 10:19:17,175 - monitoring.database - INFO - _init_database:70 - Database initialized successfully
2026-01-08 10:19:17,179 - root - INFO - initialize:37 - Monitoring system initialized successfully
2026-01-08 10:19:17,183 - root - INFO - shutdown:59 - Monitoring system shutting down...
2026-01-08 10:19:17,185 - monitoring.database - INFO - cleanup_old_data:235 - Old data cleanup completed
2026-01-08 10:19:17,186 - root - INFO - shutdown:75 - Monitoring system shutdown complete
2026-01-08 10:55:04,629 - root - INFO - initialize:28 - Monitoring system initializing...
2026-01-08 10:55:04,632 - monitoring.database - INFO - _init_database:70 - Database initialized successfully
2026-01-08 10:55:04,633 - root - INFO - initialize:37 - Monitoring system initialized successfully
2026-01-08 10:55:04,749 - root - INFO - shutdown:59 - Monitoring system shutting down...
2026-01-08 10:55:04,766 - monitoring.database - INFO - cleanup_old_data:235 - Old data cleanup completed
2026-01-08 10:55:04,768 - root - INFO - shutdown:75 - Monitoring system shutdown complete
2026-01-08 10:56:41,728 - root - INFO - initialize:28 - Monitoring system initializing...
2026-01-08 10:56:41,731 - monitoring.database - INFO - _init_database:70 - Database initialized successfully
2026-01-08 10:56:41,740 - root - INFO - initialize:37 - Monitoring system initialized successfully
2026-01-08 10:56:43,295 - root - INFO - shutdown:59 - Monitoring system shutting down...
2026-01-08 10:56:43,297 - monitoring.database - INFO - cleanup_old_data:235 - Old data cleanup completed
2026-01-08 10:56:43,297 - root - INFO - shutdown:75 - Monitoring system shutdown complete
2026-01-08 11:10:57,152 - root - INFO - initialize:28 - Monitoring system initializing...
2026-01-08 11:10:57,157 - monitoring.database - INFO - _init_database:70 - Database initialized successfully
2026-01-08 11:10:57,157 - root - INFO - initialize:37 - Monitoring system initialized successfully
2026-01-08 11:10:57,690 - root - INFO - shutdown:59 - Monitoring system shutting down...
2026-01-08 11:10:57,704 - monitoring.database - INFO - cleanup_old_data:235 - Old data cleanup completed
2026-01-08 11:10:57,704 - root - INFO - shutdown:75 - Monitoring system shutdown complete
2026-01-08 11:36:54,814 - root - INFO - initialize:28 - Monitoring system initializing...
2026-01-08 11:36:54,821 - monitoring.database - INFO - _init_database:70 - Database initialized successfully
2026-01-08 11:36:54,825 - root - INFO - initialize:37 - Monitoring system initialized successfully
2026-01-08 11:36:56,080 - root - INFO - shutdown:59 - Monitoring system shutting down...
2026-01-08 11:36:56,187 - monitoring.database - INFO - cleanup_old_data:235 - Old data cleanup completed
2026-01-08 11:36:56,409 - root - INFO - shutdown:75 - Monitoring system shutdown complete
